<?xml version="1.0" encoding="UTF-8"?>
<!-- Generated by org.testng.reporters.JUnitXMLReporter -->
<testsuite hostname="INLT1774" name="Test" tests="6" failures="0" timestamp="19 Dec 2020 19:37:08 GMT" time="0.017" errors="0">
  <testcase name="DeleteTwitter" time="0.006" classname="RahulShettyAcademy.MavenJava.RestAPITest"/>
  <testcase name="PostJira" time="0.0" classname="RahulShettyAcademy.MavenJava.RestAPITest"/>
  <testcase name="IOSApp" time="0.0" classname="RahulShettyAcademy.MavenJava.MobileTest"/>
  <testcase name="NativeAppAndroid" time="0.001" classname="RahulShettyAcademy.MavenJava.MobileTest"/>
  <testcase name="BrowserAutomation" time="0.0" classname="RahulShettyAcademy.MavenJava.SeleniumTest"/>
  <testcase name="ElementsUI" time="0.0" classname="RahulShettyAcademy.MavenJava.SeleniumTest"/>
</testsuite> <!-- Test -->
