<?xml version="1.0" encoding="UTF-8"?>
<testsuite xmlns:xsi="http://www.w3.org/2001/XMLSchema-instance" xsi:noNamespaceSchemaLocation="https://maven.apache.org/surefire/maven-surefire-plugin/xsd/surefire-test-report-3.0.xsd" version="3.0" name="TestSuite" time="0.513" tests="6" errors="0" skipped="0" failures="0">
  <properties>
[...]
</properties>
  <testcase name="DeleteTwitter" classname="RahulShettyAcademy.MavenJava.RestAPITest" time="0.006">
    <system-out><![CDATA[DeleteTwitter
]]></system-out>
  </testcase>
  <testcase name="PostJira" classname="RahulShettyAcademy.MavenJava.RestAPITest" time="0">
    <system-out><![CDATA[PostJira
]]></system-out>
  </testcase>
  <testcase name="IOSApp" classname="RahulShettyAcademy.MavenJava.MobileTest" time="0">
    <system-out><![CDATA[IOSApp
]]></system-out>
  </testcase>
  <testcase name="NativeAppAndroid" classname="RahulShettyAcademy.MavenJava.MobileTest" time="0">
    <system-out><![CDATA[NativeAppAndroid
]]></system-out>
  </testcase>
  <testcase name="BrowserAutomation" classname="RahulShettyAcademy.MavenJava.SeleniumTest" time="0">
    <system-out><![CDATA[BrowserAutomation
]]></system-out>
  </testcase>
  <testcase name="ElementsUI" classname="RahulShettyAcademy.MavenJava.SeleniumTest" time="0">
    <system-out><![CDATA[ElementsUI
]]></system-out>
  </testcase>
</testsuite>