<?xml version="1.0" encoding="UTF-8"?>
<testng-results skipped="0" failed="0" total="2" passed="2">
  <reporter-output>
  </reporter-output>
  <suite name="Default suite" duration-ms="27" started-at="2020-12-19T12:35:41Z" finished-at="2020-12-19T12:35:41Z">
    <groups>
    </groups>
    <test name="Default test" duration-ms="27" started-at="2020-12-19T12:35:41Z" finished-at="2020-12-19T12:35:41Z">
      <class name="RahulShettyAcademy.MavenJava.MobileTest">
        <test-method status="PASS" signature="IOSApp()[pri:0, instance:RahulShettyAcademy.MavenJava.MobileTest@32d992b2]" name="IOSApp" duration-ms="10" started-at="2020-12-19T12:35:41Z" finished-at="2020-12-19T12:35:41Z">
        </test-method> <!-- IOSApp -->
        <test-method status="PASS" signature="NativeAppAndroid()[pri:0, instance:RahulShettyAcademy.MavenJava.MobileTest@32d992b2]" name="NativeAppAndroid" duration-ms="1" started-at="2020-12-19T12:35:41Z" finished-at="2020-12-19T12:35:41Z">
        </test-method> <!-- NativeAppAndroid -->
      </class> <!-- RahulShettyAcademy.MavenJava.MobileTest -->
    </test> <!-- Default test -->
  </suite> <!-- Default suite -->
</testng-results>
